Drill Listing
=============
Drill: .012  Tool: 1  Feed: 95  Speed: 300
X 517000  Y 507600
X 517800  Y 502800
X 524800  Y 518400
X 541200  Y 517600
X 544800  Y 507200
X 544800  Y 517600
X 552200  Y 524600
X 556800  Y 512400
X 558800  Y 523800
X 566800  Y 507200
X 568800  Y 509800
X 569400  Y 504000
X 572600  Y 507200
X 572600  Y 504000
X 580400  Y 527200
X 583200  Y 527400
X 587600  Y 506400
X 590600  Y 527000
X 591800  Y 511200
X 591800  Y 508000
X 593800  Y 527000
X 595800  Y 508200
X 595800  Y 511400
X 597200  Y 527200
X 600400  Y 527200
X 605000  Y 505400
X 613800  Y 505400
X 622600  Y 505400
X 631000  Y 505400
X 634600  Y 507000
X 634600  Y 510200
X 637800  Y 510200
X 637800  Y 507000
X 663400  Y 505000
X 663800  Y 511000
X 663800  Y 507800
X 666600  Y 505000
X 667000  Y 507800
X 667000  Y 511000
X 669800  Y 505000
X 670200  Y 511000
X 670200  Y 507800
X 690400  Y 512800
X 690400  Y 519200
X 690400  Y 516000
X 693600  Y 512800
X 693600  Y 519200
X 693600  Y 516000
X 696800  Y 512800
X 696800  Y 516000
X 696800  Y 519200
X 707200  Y 504800
X 707200  Y 511200
X 707200  Y 508000
X 710400  Y 511200
X 710400  Y 508000
X 710400  Y 504800
X 713600  Y 511200
X 713600  Y 504800
X 713600  Y 508000
X 716800  Y 521400
X 716800  Y 524600
X 720000  Y 524600
X 720000  Y 521400
X 723200  Y 524600
X 723200  Y 521400
X 723200  Y 527800
X 723000  Y 540600
X 723000  Y 543800
X 723000  Y 537400
X 720000  Y 527800
X 719800  Y 543800
X 719800  Y 540600
X 719800  Y 537400
X 716800  Y 527800
X 716600  Y 537400
X 716600  Y 543800
X 716600  Y 540600
X 699200  Y 535200
X 699200  Y 538400
X 699200  Y 532000
X 696000  Y 538400
X 696000  Y 535200
X 696000  Y 532000
X 692800  Y 535200
X 692800  Y 538400
X 692800  Y 532000
X 677000  Y 540200
X 661800  Y 540200
X 657200  Y 539000
X 653800  Y 539000
X 652200  Y 549400
X 652200  Y 552600
X 648800  Y 549400
X 648800  Y 552600
X 626400  Y 545000
X 626200  Y 550600
X 626200  Y 548000
X 590600  Y 530200
X 587400  Y 551000
X 584000  Y 541200
X 583200  Y 530200
X 580600  Y 530200
X 576200  Y 536200
X 559000  Y 530200
X 551000  Y 545200
X 539800  Y 548600
X 537200  Y 546400
X 535200  Y 549000
X 532000  Y 552600
X 531600  Y 546600
X 531600  Y 549800
X 530200  Y 536600
X 527400  Y 538800
X 515800  Y 527800
X 513800  Y 530000
X 509400  Y 567000
X 509400  Y 563800
X 512600  Y 567000
X 512600  Y 563800
X 515600  Y 576800
X 519800  Y 573000
X 521200  Y 559800
X 522600  Y 570200
X 526400  Y 553000
X 528800  Y 553000
X 531800  Y 570600
X 532152  Y 567000
X 560400  Y 576600
X 581800  Y 570600
X 581800  Y 576200
X 583000  Y 573000
X 584600  Y 558400
X 585400  Y 570200
X 595000  Y 574600
X 595000  Y 558600
X 595000  Y 565000
X 595000  Y 555800
X 595000  Y 568200
X 595000  Y 561800
X 595000  Y 571400
X 598200  Y 571400
X 598200  Y 574600
X 598200  Y 568200
X 598200  Y 561800
X 598200  Y 555800
X 598200  Y 565000
X 598200  Y 558600
X 601400  Y 571400
X 601400  Y 565000
X 601400  Y 568200
X 601400  Y 555800
X 601400  Y 561800
X 601400  Y 574600
X 601400  Y 558600
X 605000  Y 561800
X 605000  Y 568200
X 605000  Y 571400
X 605000  Y 565000
X 605000  Y 574600
X 605000  Y 555800
X 605000  Y 558600
X 608200  Y 561800
X 608200  Y 558600
X 608200  Y 571400
X 608200  Y 574600
X 608200  Y 555800
X 608200  Y 565000
X 608200  Y 568200
X 611400  Y 571400
X 611400  Y 568200
X 611400  Y 561800
X 611400  Y 574600
X 611400  Y 565000
X 611400  Y 555800
X 611400  Y 558600
X 626200  Y 553800
X 628000  Y 576800
X 628800  Y 558400
X 632400  Y 561600
X 638800  Y 556400
X 638800  Y 553200
X 642200  Y 555800
X 642200  Y 562200
X 642200  Y 571800
X 642200  Y 577000
X 650800  Y 577200
X 652200  Y 568600
X 652200  Y 565400
X 687000  Y 576600
X 691400  Y 576600
X 700400  Y 577400
X 718800  Y 556600
X 718800  Y 563000
X 718800  Y 559800
X 722000  Y 556600
X 722000  Y 559800
X 722000  Y 563000
X 725200  Y 563000
X 725200  Y 556600
X 725200  Y 559800
X 725000  Y 578400
X 725000  Y 581600
X 725000  Y 584800
X 721800  Y 581600
X 721800  Y 584800
X 721800  Y 578400
X 718600  Y 581600
X 718600  Y 578400
X 718600  Y 584800
X 709400  Y 596800
X 706200  Y 596800
X 700400  Y 580600
X 700400  Y 583800
X 691400  Y 583000
X 691400  Y 579800
X 690800  Y 594400
X 690800  Y 591200
X 690800  Y 588000
X 687000  Y 594400
X 687000  Y 591200
X 687000  Y 588000
X 687000  Y 583000
X 687000  Y 579800
X 662200  Y 601800
X 661000  Y 582200
X 651200  Y 580000
X 645200  Y 584000
X 635400  Y 592200
X 631200  Y 583200
X 629800  Y 589400
X 626400  Y 588200
X 625400  Y 582200
X 625400  Y 585000
X 619800  Y 585400
X 619800  Y 582200
X 611200  Y 598000
X 602400  Y 591400
X 586600  Y 584600
X 586600  Y 581400
X 551400  Y 584600
X 549400  Y 589800
X 546200  Y 589800
X 544000  Y 586800
X 515600  Y 580000
X 519200  Y 621600
X 519200  Y 617600
X 564200  Y 623800
X 568400  Y 617600
X 568600  Y 614400
X 570800  Y 611000
X 581200  Y 615200
X 581400  Y 611800
X 587400  Y 615000
X 587800  Y 611800
X 600800  Y 615000
X 601000  Y 611800
X 604400  Y 622400
X 607800  Y 611000
X 609400  Y 622800
X 611600  Y 611600
X 614600  Y 623400
X 653400  Y 603000
X 653400  Y 607000
X 657400  Y 607000
X 661400  Y 607000
X 665400  Y 607000
X 669800  Y 607000

Drill: .01772  Tool: 2  Feed: 95  Speed: 300
X 510040  Y 582627 X 505119  Y 582627
X 510040  Y 548572 X 505119  Y 548572
X 526497  Y 582627 X 521576  Y 582627

Drill: .01772  Tool: 3  Feed: 95  Speed: 300
X 526497  Y 548572 X 521576  Y 548572

Drill: .02362  Tool: 4  Feed: 197  Speed: 550
X 522120  Y 576967
X 522120  Y 554220

Drill: .02756  Tool: 5  Feed: 197  Speed: 550
X 580400  Y 621400
X 589455  Y 621400

Drill: .02953  Tool: 6  Feed: 197  Speed: 550
X 582920  Y 547445

Drill: .035  Tool: 7  Feed: 197  Speed: 550
X 526200  Y 621000
X 536200  Y 621000
X 546200  Y 621000
X 551967  Y 507286
X 556200  Y 621000
X 561967  Y 507286
X 584720  Y 594445

Drill: .037  Tool: 8  Feed: 197  Speed: 550
X 608947  Y 615615
X 618947  Y 615615

Drill: .04331  Tool: 9  Feed: 139  Speed: 550
X 581800  Y 518000
X 581800  Y 508000
X 677000  Y 619600
X 677000  Y 609600

Drill: .04528  Tool: 10  Feed: 139  Speed: 550
X 669003  Y 550294
X 669573  Y 572841

Drill: .06  Tool: 11  Feed: 89  Speed: 550
X 731600  Y 577400
X 731600  Y 569700
X 731600  Y 562000
X 731600  Y 554300
X 858900  Y 630800
X 851200  Y 630800
X 843500  Y 630800
X 835800  Y 630800
X 627300  Y 630400
X 619600  Y 630400
X 611900  Y 630400
X 604200  Y 630400
X 732000  Y 702500
X 732000  Y 694800
X 732000  Y 687100
X 732000  Y 710200
X 858500  Y 764000
X 850800  Y 764000
X 843100  Y 764000
X 835400  Y 764000
X 626900  Y 763600
X 619200  Y 763600
X 611500  Y 763600
X 603800  Y 763600
X 603800  Y 898400
X 611500  Y 898400
X 619200  Y 898400
X 626900  Y 898400
X 731600  Y 823500
X 731600  Y 846600
X 731600  Y 838900
X 731600  Y 831200
X 835400  Y 898800
X 843100  Y 898800
X 850800  Y 898800
X 858500  Y 898800
X 731200  Y 955900
X 731200  Y 971300
X 731200  Y 963600
X 731200  Y 979000
X 605800  Y 1032000
X 613500  Y 1032000
X 621200  Y 1032000
X 628900  Y 1032000
X 837400  Y 1032400
X 845100  Y 1032400
X 852800  Y 1032400
X 860500  Y 1032400
X 731200  Y 1089500
X 731200  Y 1097200
X 731200  Y 1104900
X 731200  Y 1112600

Drill: .07874  Tool: 12  Feed: 81  Speed: 550
X 508200  Y 509800
X 508400  Y 616200
X 720554  Y 614920
X 720645  Y 511879

End of Listing
